# JRE version: OpenJDK Runtime Environment (11.0.12+7) (build 11.0.12+7-b1504.28-7817840)
# Java VM: OpenJDK 64-Bit Server VM (11.0.12+7-b1504.28-7817840, mixed mode, tiered, compressed oops, g1 gc, windows-amd64)
Heap:
 garbage-first heap   total 65536K, used 11665K [0x00000000c1800000, 0x0000000100000000)
  region size 1024K, 3 young (3072K), 1 survivors (1024K)
 Metaspace       used 15524K, capacity 15807K, committed 16000K, reserved 1062912K
  class space    used 1783K, capacity 1909K, committed 1920K, reserved 1048576K
GC Heap History (6 events):
Event: 7.335 GC heap before
{Heap before GC invocations=0 (full 0):
 garbage-first heap   total 65536K, used 16384K [0x00000000c1800000, 0x0000000100000000)
  region size 1024K, 14 young (14336K), 0 survivors (0K)
 Metaspace       used 8393K, capacity 8554K, committed 8832K, reserved 1056768K
  class space    used 766K, capacity 825K, committed 896K, reserved 1048576K
}
Event: 7.355 GC heap after
{Heap after GC invocations=1 (full 0):
 garbage-first heap   total 65536K, used 3730K [0x00000000c1800000, 0x0000000100000000)
  region size 1024K, 2 young (2048K), 2 survivors (2048K)
 Metaspace       used 8393K, capacity 8554K, committed 8832K, reserved 1056768K
  class space    used 766K, capacity 825K, committed 896K, reserved 1048576K
}
Event: 9.694 GC heap before
{Heap before GC invocations=1 (full 0):
 garbage-first heap   total 65536K, used 14994K [0x00000000c1800000, 0x0000000100000000)
  region size 1024K, 11 young (11264K), 2 survivors (2048K)
 Metaspace       used 10619K, capacity 10855K, committed 11008K, reserved 1058816K
  class space    used 1092K, capacity 1168K, committed 1280K, reserved 1048576K
}
Event: 9.701 GC heap after
{Heap after GC invocations=2 (full 0):
 garbage-first heap   total 65536K, used 9414K [0x00000000c1800000, 0x0000000100000000)
  region size 1024K, 2 young (2048K), 2 survivors (2048K)
 Metaspace       used 10619K, capacity 10855K, committed 11008K, reserved 1058816K
  class space    used 1092K, capacity 1168K, committed 1280K, reserved 1048576K
}
Event: 861.323 GC heap before
{Heap before GC invocations=2 (full 0):
 garbage-first heap   total 65536K, used 28870K [0x00000000c1800000, 0x0000000100000000)
  region size 1024K, 21 young (21504K), 2 survivors (2048K)
 Metaspace       used 15457K, capacity 15796K, committed 16000K, reserved 1062912K
  class space    used 1775K, capacity 1905K, committed 1920K, reserved 1048576K
}
Event: 861.419 GC heap after
{Heap after GC invocations=3 (full 0):
 garbage-first heap   total 65536K, used 10641K [0x00000000c1800000, 0x0000000100000000)
  region size 1024K, 1 young (1024K), 1 survivors (1024K)
 Metaspace       used 15457K, capacity 15796K, committed 16000K, reserved 1062912K
  class space    used 1775K, capacity 1905K, committed 1920K, reserved 1048576K
}

